[   INFO   ] MusicExtractorSVM: no classifier models were configured by default
WARNING:root:Last.fm API key not provided - tag-based playlists may be limited
WARNING:root:Host library path does not exist: /root/music/library
Traceback (most recent call last):
  File "playlista", line 61, in <module>
    setup_logging(config.logging)
  File "/app/src/infrastructure/logging/logger.py", line 83, in setup_logging
    logger.setLevel(getattr(logging, config.logging.level.upper(), logging.INFO))
AttributeError: 'LoggingConfig' object has no attribute 'logging'
[   INFO   ] MusicExtractorSVM: no classifier models were configured by default
WARNING:root:Last.fm API key not provided - tag-based playlists may be limited
WARNING:root:Host library path does not exist: /root/music/library
Traceback (most recent call last):
  File "/app/playlista", line 61, in <module>
    setup_logging(config.logging)
  File "/app/src/infrastructure/logging/logger.py", line 83, in setup_logging
    logger.setLevel(getattr(logging, config.logging.level.upper(), logging.INFO))
AttributeError: 'LoggingConfig' object has no attribute 'logging'
[   INFO   ] MusicExtractorSVM: no classifier models were configured by default
WARNING:root:Last.fm API key not provided - tag-based playlists may be limited
WARNING:root:Host library path does not exist: /root/music/library
Traceback (most recent call last):
  File "playlista", line 61, in <module>
    setup_logging(config.logging)
  File "/app/src/infrastructure/logging/logger.py", line 83, in setup_logging
    logger.setLevel(getattr(logging, config.logging.level.upper(), logging.INFO))
AttributeError: 'LoggingConfig' object has no attribute 'logging'
[   INFO   ] MusicExtractorSVM: no classifier models were configured by default
WARNING:root:Last.fm API key not provided - tag-based playlists may be limited
WARNING:root:Host library path does not exist: /root/music/library
Traceback (most recent call last):
  File "playlista", line 61, in <module>
    setup_logging(config.logging)
  File "/app/src/infrastructure/logging/logger.py", line 83, in setup_logging
    logger.setLevel(getattr(logging, config.logging.level.upper(), logging.INFO))
AttributeError: 'LoggingConfig' object has no attribute 'logging'
[   INFO   ] MusicExtractorSVM: no classifier models were configured by default
WARNING:root:Last.fm API key not provided - tag-based playlists may be limited
WARNING:root:Host library path does not exist: /root/music/library
Traceback (most recent call last):
  File "/app/playlista", line 61, in <module>
    setup_logging(config.logging)
  File "/app/src/infrastructure/logging/logger.py", line 83, in setup_logging
    logger.setLevel(getattr(logging, config.logging.level.upper(), logging.INFO))
AttributeError: 'LoggingConfig' object has no attribute 'logging'
[   INFO   ] MusicExtractorSVM: no classifier models were configured by default
WARNING:root:Last.fm API key not provided - tag-based playlists may be limited
WARNING:root:Host library path does not exist: /root/music/library
Traceback (most recent call last):
  File "/app/playlista", line 61, in <module>
    setup_logging(config.logging)
  File "/app/src/infrastructure/logging/logger.py", line 83, in setup_logging
    logger.setLevel(getattr(logging, config.logging.level.upper(), logging.INFO))
AttributeError: 'LoggingConfig' object has no attribute 'logging'
[   INFO   ] MusicExtractorSVM: no classifier models were configured by default
WARNING:root:Last.fm API key not provided - tag-based playlists may be limited
WARNING:root:Host library path does not exist: /root/music/library
Traceback (most recent call last):
  File "playlista", line 61, in <module>
    setup_logging(config.logging)
  File "/app/src/infrastructure/logging/logger.py", line 83, in setup_logging
    logger.setLevel(getattr(logging, config.logging.level.upper(), logging.INFO))
AttributeError: 'LoggingConfig' object has no attribute 'logging'
[   INFO   ] MusicExtractorSVM: no classifier models were configured by default
WARNING:root:Last.fm API key not provided - tag-based playlists may be limited
WARNING:root:Host library path does not exist: /root/music/library
INFO:playlista:Logging system initialized
Traceback (most recent call last):
  File "playlista", line 509, in <module>
    sys.exit(main()) 
  File "playlista", line 505, in main
    cli = PlaylistaCLI()
  File "playlista", line 166, in __init__
    self.analysis_service = AudioAnalysisService(
TypeError: __init__() missing 1 required positional argument: 'audio_analysis_config'
[   INFO   ] MusicExtractorSVM: no classifier models were configured by default
WARNING:root:Last.fm API key not provided - tag-based playlists may be limited
WARNING:root:Host library path does not exist: /root/music/library
INFO:playlista:Logging system initialized
Traceback (most recent call last):
  File "playlista", line 509, in <module>
    sys.exit(main()) 
  File "playlista", line 505, in main
    cli = PlaylistaCLI()
  File "playlista", line 166, in __init__
    self.analysis_service = AudioAnalysisService(
TypeError: __init__() missing 1 required positional argument: 'audio_analysis_config'
